<?xml version="1.0" encoding="UTF-8"?>
<!-- Generated by org.testng.reporters.JUnitReportReporter -->
<testsuite skipped="2" hostname="Lenovo-PC" name="tests.CommentCheck" tests="3" failures="0" timestamp="27 Mar 2018 00:52:54 GMT" time="29.436" errors="0">
  <testcase name="recordCommentsWithBlockedWords" time="29.436" classname="tests.CommentCheck"/>
  <testcase name="openFacebookLoginPage" classname="tests.CommentCheck">
    <skipped/>
  </testcase> <!-- openFacebookLoginPage -->
  <testcase name="recordPostComments" classname="tests.CommentCheck">
    <skipped/>
  </testcase> <!-- recordPostComments -->
</testsuite> <!-- tests.CommentCheck -->
